============================================================
  Job ID        : 316
  Job name      : col_gen
  Nodes         : 4
  Tasks/node    : 1
  CPUs/task     : 2
  Node list     : mpplabc34n-computenodeset-[0-3]
  Submit dir    : /home/prarabdha_iisc_gmail_com/work/5g-nr-slice-manager
  Start time    : Tue Mar 31 19:07:01 UTC 2026
============================================================
/var/spool/slurmd/job00316/slurm_script: line 71: /home/prarabdha_iisc_gmail_com/Desktop/work/env/bin/activate: No such file or directory
Python  : /home/prarabdha_iisc_gmail_com/miniconda3/bin/python — Python 3.13.11
mpi4py  : Traceback (most recent call last):
PuLP    : 3.3.0
HiGHS   : None
------------------------------------------------------------
Config  : configs/cfg-bw-5.0M-time-ms-3.0-mcs-26-K-3-ue-3-embb-thr-4.0-embb-lat-3.0-urllc-thr-1.0-urllc-lat-0.5.json
Output  : approx_sol
Threads : auto (os.cpu_count() = 2 via SLURM cgroups)
============================================================
2026-03-31 19:07:02,409 Starting ColumnGeneration solver.  Grid: 24t × 27f  |  VUEs: 6  |  K=3  |  max_iter=200  |  workers=2  |  solver=CBC  solver_threads=2  |  cached_asns=40866  cached_cells=13044
2026-03-31 19:07:02,416 Starting ColumnGeneration solver.  Grid: 24t × 27f  |  VUEs: 6  |  K=3  |  max_iter=200  |  workers=2  |  solver=CBC  solver_threads=2  |  cached_asns=40866  cached_cells=13044
2026-03-31 19:07:02,432 Starting ColumnGeneration solver.  Grid: 24t × 27f  |  VUEs: 6  |  K=3  |  max_iter=200  |  workers=2  |  solver=CBC  solver_threads=2  |  cached_asns=40866  cached_cells=13044
2026-03-31 19:07:02,409 ── Phase 0: Initial columns (single-UE MIPs, no interaction) ───
2026-03-31 19:07:02,453 Starting ColumnGeneration solver.  Grid: 24t × 27f  |  VUEs: 6  |  K=3  |  max_iter=200  |  workers=2  |  solver=CBC  solver_threads=2  |  cached_asns=40866  cached_cells=13044
2026-03-31 19:07:02,416 ── Phase 0: Initial columns (single-UE MIPs, no interaction) ───
2026-03-31 19:07:02,432 ── Phase 0: Initial columns (single-UE MIPs, no interaction) ───
2026-03-31 19:07:02,453 ── Phase 0: Initial columns (single-UE MIPs, no interaction) ───
2026-03-31 19:07:07,655   VUE   0 (UE1 embb ):   14 PRBs  112 cells  |asns|=13044  [build=0.468s  solve=1.922s  total=2.503s]
2026-03-31 19:07:07,656   VUE   1 (UE1 urllc):    4 PRBs   32 cells  |asns|=578  [build=0.020s  solve=0.078s  total=0.103s]
2026-03-31 19:07:07,656   VUE   2 (UE2 embb ):   14 PRBs  112 cells  |asns|=13044  [build=0.462s  solve=1.921s  total=2.495s]
2026-03-31 19:07:07,656   VUE   3 (UE2 urllc):    4 PRBs   32 cells  |asns|=578  [build=0.019s  solve=0.034s  total=0.058s]
2026-03-31 19:07:07,656   VUE   4 (UE3 embb ):   14 PRBs  112 cells  |asns|=13044  [build=0.544s  solve=1.902s  total=2.558s]
2026-03-31 19:07:07,656   VUE   5 (UE3 urllc):    4 PRBs   32 cells  |asns|=578  [build=0.019s  solve=0.034s  total=0.058s]
2026-03-31 19:07:07,656   Phase 0 total: 5.240s
2026-03-31 19:07:07,656 ── Phase 1: Column Generation loop (max 200 iters)  [intra-node parallel (2 workers)] ──
2026-03-31 19:07:07,711   VUE   0 (UE1 embb ):   14 PRBs  112 cells  |asns|=13044  [build=0.470s  solve=1.948s  total=2.529s]
2026-03-31 19:07:07,711   VUE   1 (UE1 urllc):    4 PRBs   32 cells  |asns|=578  [build=0.020s  solve=0.077s  total=0.101s]
2026-03-31 19:07:07,711   VUE   2 (UE2 embb ):   14 PRBs  112 cells  |asns|=13044  [build=0.462s  solve=1.948s  total=2.524s]
2026-03-31 19:07:07,711   VUE   3 (UE2 urllc):    4 PRBs   32 cells  |asns|=578  [build=0.019s  solve=0.035s  total=0.059s]
2026-03-31 19:07:07,711   VUE   4 (UE3 embb ):   14 PRBs  112 cells  |asns|=13044  [build=0.541s  solve=1.935s  total=2.587s]
2026-03-31 19:07:07,711   VUE   5 (UE3 urllc):    4 PRBs   32 cells  |asns|=578  [build=0.019s  solve=0.034s  total=0.057s]
2026-03-31 19:07:07,712   Phase 0 total: 5.280s
2026-03-31 19:07:07,712 ── Phase 1: Column Generation loop (max 200 iters)  [intra-node parallel (2 workers)] ──
2026-03-31 19:07:07,712   VUE   0 (UE1 embb ):   14 PRBs  112 cells  |asns|=13044  [build=0.476s  solve=1.945s  total=2.537s]
2026-03-31 19:07:07,713   VUE   1 (UE1 urllc):    4 PRBs   32 cells  |asns|=578  [build=0.021s  solve=0.075s  total=0.100s]
2026-03-31 19:07:07,713   VUE   2 (UE2 embb ):   14 PRBs  112 cells  |asns|=13044  [build=0.462s  solve=1.936s  total=2.510s]
2026-03-31 19:07:07,713   VUE   3 (UE2 urllc):    4 PRBs   32 cells  |asns|=578  [build=0.019s  solve=0.034s  total=0.058s]
2026-03-31 19:07:07,713   VUE   4 (UE3 embb ):   14 PRBs  112 cells  |asns|=13044  [build=0.539s  solve=1.929s  total=2.581s]
2026-03-31 19:07:07,713   VUE   5 (UE3 urllc):    4 PRBs   32 cells  |asns|=578  [build=0.019s  solve=0.034s  total=0.058s]
2026-03-31 19:07:07,713   Phase 0 total: 5.259s
2026-03-31 19:07:07,713 ── Phase 1: Column Generation loop (max 200 iters)  [intra-node parallel (2 workers)] ──
2026-03-31 19:07:08,734   VUE   0 (UE1 embb ):   14 PRBs  112 cells  |asns|=13044  [build=0.682s  solve=2.662s  total=3.571s]
2026-03-31 19:07:08,734   VUE   1 (UE1 urllc):    4 PRBs   32 cells  |asns|=578  [build=0.050s  solve=0.101s  total=0.167s]
2026-03-31 19:07:08,734   VUE   2 (UE2 embb ):   14 PRBs  112 cells  |asns|=13044  [build=1.031s  solve=2.425s  total=3.670s]
2026-03-31 19:07:08,735   VUE   3 (UE2 urllc):    4 PRBs   32 cells  |asns|=578  [build=0.019s  solve=0.032s  total=0.056s]
2026-03-31 19:07:08,735   VUE   4 (UE3 embb ):   14 PRBs  112 cells  |asns|=13044  [build=0.540s  solve=1.910s  total=2.560s]
2026-03-31 19:07:08,735   VUE   5 (UE3 urllc):    4 PRBs   32 cells  |asns|=578  [build=0.019s  solve=0.034s  total=0.058s]
2026-03-31 19:07:08,735   Phase 0 total: 6.326s
2026-03-31 19:07:08,735 ── Phase 1: Column Generation loop (max 200 iters)  [intra-node parallel (2 workers)] ──
2026-03-31 19:07:13,082   Iter   0: LP obj =   14.000  new cols =   6  total cols = 18  [lp=0.01s  pricing=5.42s (local min=0.06s avg=1.36s max=2.69s)  iter=5.43s]
2026-03-31 19:07:13,158   Iter   0: LP obj =   14.000  new cols =   6  total cols = 18  [lp=0.01s  pricing=5.44s (local min=0.06s avg=1.36s max=2.68s)  iter=5.44s]
2026-03-31 19:07:13,170   Iter   0: LP obj =   14.000  new cols =   6  total cols = 18  [lp=0.01s  pricing=5.45s (local min=0.06s avg=1.37s max=2.69s)  iter=5.46s]
2026-03-31 19:07:14,158   Iter   0: LP obj =   14.000  new cols =   6  total cols = 18  [lp=0.01s  pricing=5.42s (local min=0.06s avg=1.36s max=2.68s)  iter=5.42s]
2026-03-31 19:07:18,422   Iter   1: LP obj =   28.000  new cols =   6  total cols = 24  [lp=0.01s  pricing=5.33s (local min=0.06s avg=1.35s max=2.70s)  iter=5.34s]
2026-03-31 19:07:18,483   Iter   1: LP obj =   28.000  new cols =   6  total cols = 24  [lp=0.01s  pricing=5.32s (local min=0.06s avg=1.35s max=2.69s)  iter=5.32s]
2026-03-31 19:07:18,520   Iter   1: LP obj =   28.000  new cols =   6  total cols = 24  [lp=0.01s  pricing=5.34s (local min=0.06s avg=1.35s max=2.69s)  iter=5.35s]
2026-03-31 19:07:19,487   Iter   1: LP obj =   28.000  new cols =   6  total cols = 24  [lp=0.01s  pricing=5.32s (local min=0.06s avg=1.35s max=2.70s)  iter=5.33s]
2026-03-31 19:07:23,787   Iter   2: LP obj =   28.000  new cols =   6  total cols = 30  [lp=0.01s  pricing=5.36s (local min=0.06s avg=1.35s max=2.68s)  iter=5.36s]
2026-03-31 19:07:23,848   Iter   2: LP obj =   28.000  new cols =   6  total cols = 30  [lp=0.01s  pricing=5.36s (local min=0.06s avg=1.35s max=2.68s)  iter=5.37s]
2026-03-31 19:07:23,886   Iter   2: LP obj =   28.000  new cols =   6  total cols = 30  [lp=0.01s  pricing=5.36s (local min=0.06s avg=1.35s max=2.68s)  iter=5.37s]
2026-03-31 19:07:24,851   Iter   2: LP obj =   28.000  new cols =   6  total cols = 30  [lp=0.01s  pricing=5.35s (local min=0.06s avg=1.35s max=2.68s)  iter=5.36s]
2026-03-31 19:07:29,130   Iter   3: LP obj =   28.000  new cols =   6  total cols = 36  [lp=0.01s  pricing=5.33s (local min=0.06s avg=1.35s max=2.67s)  iter=5.34s]
2026-03-31 19:07:29,189   Iter   3: LP obj =   28.000  new cols =   6  total cols = 36  [lp=0.01s  pricing=5.33s (local min=0.06s avg=1.35s max=2.66s)  iter=5.34s]
2026-03-31 19:07:29,245   Iter   3: LP obj =   28.000  new cols =   6  total cols = 36  [lp=0.01s  pricing=5.35s (local min=0.06s avg=1.35s max=2.67s)  iter=5.36s]
2026-03-31 19:07:30,255   Iter   3: LP obj =   28.000  new cols =   6  total cols = 36  [lp=0.01s  pricing=5.39s (local min=0.06s avg=1.36s max=2.69s)  iter=5.40s]
2026-03-31 19:07:34,381   Iter   4: LP obj =   32.000  new cols =   6  total cols = 42  [lp=0.01s  pricing=5.24s (local min=0.06s avg=1.32s max=2.58s)  iter=5.25s]
2026-03-31 19:07:34,429   Iter   4: LP obj =   32.000  new cols =   6  total cols = 42  [lp=0.01s  pricing=5.23s (local min=0.06s avg=1.32s max=2.58s)  iter=5.24s]
2026-03-31 19:07:34,481   Iter   4: LP obj =   32.000  new cols =   6  total cols = 42  [lp=0.01s  pricing=5.22s (local min=0.06s avg=1.32s max=2.58s)  iter=5.24s]
2026-03-31 19:07:35,572   Iter   4: LP obj =   32.000  new cols =   6  total cols = 42  [lp=0.01s  pricing=5.30s (local min=0.06s avg=1.33s max=2.61s)  iter=5.32s]
2026-03-31 19:07:39,713   Iter   5: LP obj =   32.000  new cols =   6  total cols = 48  [lp=0.01s  pricing=5.32s (local min=0.06s avg=1.33s max=2.64s)  iter=5.33s]
2026-03-31 19:07:39,741   Iter   5: LP obj =   32.000  new cols =   6  total cols = 48  [lp=0.01s  pricing=5.30s (local min=0.06s avg=1.33s max=2.62s)  iter=5.31s]
2026-03-31 19:07:39,799   Iter   5: LP obj =   32.000  new cols =   6  total cols = 48  [lp=0.01s  pricing=5.31s (local min=0.06s avg=1.34s max=2.65s)  iter=5.32s]
2026-03-31 19:07:40,904   Iter   5: LP obj =   32.000  new cols =   6  total cols = 48  [lp=0.01s  pricing=5.32s (local min=0.06s avg=1.33s max=2.63s)  iter=5.33s]
2026-03-31 19:07:44,907   Iter   6: LP obj =   32.000  new cols =   6  total cols = 54  [lp=0.01s  pricing=5.18s (local min=0.06s avg=1.30s max=2.57s)  iter=5.19s]
2026-03-31 19:07:44,932   Iter   6: LP obj =   32.000  new cols =   6  total cols = 54  [lp=0.01s  pricing=5.18s (local min=0.06s avg=1.30s max=2.56s)  iter=5.19s]
2026-03-31 19:07:44,948   Iter   6: LP obj =   32.000  new cols =   6  total cols = 54  [lp=0.01s  pricing=5.14s (local min=0.06s avg=1.30s max=2.59s)  iter=5.15s]
2026-03-31 19:07:46,113   Iter   6: LP obj =   32.000  new cols =   6  total cols = 54  [lp=0.01s  pricing=5.20s (local min=0.06s avg=1.30s max=2.58s)  iter=5.21s]
2026-03-31 19:07:50,039   Iter   7: LP obj =   46.000  new cols =   6  total cols = 60  [lp=0.01s  pricing=5.12s (local min=0.06s avg=1.29s max=2.55s)  iter=5.13s]
2026-03-31 19:07:50,047   Iter   7: LP obj =   46.000  new cols =   6  total cols = 60  [lp=0.01s  pricing=5.10s (local min=0.06s avg=1.29s max=2.54s)  iter=5.11s]
2026-03-31 19:07:50,058   Iter   7: LP obj =   46.000  new cols =   6  total cols = 60  [lp=0.01s  pricing=5.10s (local min=0.06s avg=1.29s max=2.55s)  iter=5.11s]
2026-03-31 19:07:51,297   Iter   7: LP obj =   46.000  new cols =   6  total cols = 60  [lp=0.01s  pricing=5.17s (local min=0.06s avg=1.30s max=2.57s)  iter=5.18s]
2026-03-31 19:07:54,981   Iter   8: LP obj =   46.000  new cols =   6  total cols = 66  [lp=0.01s  pricing=4.92s (local min=0.06s avg=1.23s max=2.44s)  iter=4.93s]
2026-03-31 19:07:55,003   Iter   8: LP obj =   46.000  new cols =   6  total cols = 66  [lp=0.01s  pricing=4.93s (local min=0.06s avg=1.24s max=2.44s)  iter=4.94s]
2026-03-31 19:07:55,003   Iter   8: LP obj =   46.000  new cols =   6  total cols = 66  [lp=0.02s  pricing=4.95s (local min=0.06s avg=1.24s max=2.45s)  iter=4.96s]
2026-03-31 19:07:56,367   Iter   8: LP obj =   46.000  new cols =   6  total cols = 66  [lp=0.02s  pricing=5.05s (local min=0.06s avg=1.26s max=2.52s)  iter=5.07s]
2026-03-31 19:07:59,757   Iter   9: LP obj =   46.000  new cols =   6  total cols = 72  [lp=0.02s  pricing=4.76s (local min=0.06s avg=1.21s max=2.41s)  iter=4.78s]
2026-03-31 19:07:59,783   Iter   9: LP obj =   46.000  new cols =   6  total cols = 72  [lp=0.02s  pricing=4.76s (local min=0.06s avg=1.21s max=2.41s)  iter=4.78s]
2026-03-31 19:07:59,784   Iter   9: LP obj =   46.000  new cols =   6  total cols = 72  [lp=0.02s  pricing=4.77s (local min=0.06s avg=1.21s max=2.41s)  iter=4.78s]
2026-03-31 19:08:01,302   Iter   9: LP obj =   46.000  new cols =   6  total cols = 72  [lp=0.02s  pricing=4.92s (local min=0.06s avg=1.25s max=2.49s)  iter=4.94s]
2026-03-31 19:08:04,712   Iter  10: LP obj =   46.000  new cols =   6  total cols = 78  [lp=0.02s  pricing=4.94s (local min=0.06s avg=1.25s max=2.48s)  iter=4.96s]
2026-03-31 19:08:04,737   Iter  10: LP obj =   46.000  new cols =   6  total cols = 78  [lp=0.02s  pricing=4.94s (local min=0.06s avg=1.25s max=2.48s)  iter=4.95s]
2026-03-31 19:08:04,759   Iter  10: LP obj =   46.000  new cols =   6  total cols = 78  [lp=0.02s  pricing=4.96s (local min=0.06s avg=1.25s max=2.47s)  iter=4.97s]
2026-03-31 19:08:06,583   Iter  10: LP obj =   46.000  new cols =   6  total cols = 78  [lp=0.02s  pricing=5.26s (local min=0.06s avg=1.31s max=2.74s)  iter=5.28s]
2026-03-31 19:08:09,588   Iter  11: LP obj =   50.000  new cols =   6  total cols = 84  [lp=0.02s  pricing=4.86s (local min=0.06s avg=1.22s max=2.41s)  iter=4.88s]
2026-03-31 19:08:09,607   Iter  11: LP obj =   50.000  new cols =   6  total cols = 84  [lp=0.02s  pricing=4.85s (local min=0.06s avg=1.22s max=2.40s)  iter=4.87s]
2026-03-31 19:08:09,647   Iter  11: LP obj =   50.000  new cols =   6  total cols = 84  [lp=0.02s  pricing=4.87s (local min=0.06s avg=1.22s max=2.41s)  iter=4.89s]
2026-03-31 19:08:11,488   Iter  11: LP obj =   50.000  new cols =   6  total cols = 84  [lp=0.02s  pricing=4.89s (local min=0.06s avg=1.23s max=2.41s)  iter=4.90s]
2026-03-31 19:08:14,795   Iter  12: LP obj =   50.000  new cols =   6  total cols = 90  [lp=0.02s  pricing=5.19s (local min=0.06s avg=1.31s max=2.62s)  iter=5.21s]
2026-03-31 19:08:14,817   Iter  12: LP obj =   50.000  new cols =   6  total cols = 90  [lp=0.02s  pricing=5.19s (local min=0.06s avg=1.31s max=2.63s)  iter=5.21s]
2026-03-31 19:08:14,849   Iter  12: LP obj =   50.000  new cols =   6  total cols = 90  [lp=0.02s  pricing=5.18s (local min=0.06s avg=1.32s max=2.62s)  iter=5.20s]
2026-03-31 19:08:16,728   Iter  12: LP obj =   50.000  new cols =   6  total cols = 90  [lp=0.02s  pricing=5.22s (local min=0.06s avg=1.32s max=2.66s)  iter=5.24s]
2026-03-31 19:08:19,341   Iter  13: LP obj =   52.154  new cols =   6  total cols = 96  [lp=0.02s  pricing=4.53s (local min=0.06s avg=1.14s max=2.25s)  iter=4.55s]
2026-03-31 19:08:19,369   Iter  13: LP obj =   52.154  new cols =   6  total cols = 96  [lp=0.02s  pricing=4.53s (local min=0.06s avg=1.15s max=2.26s)  iter=4.55s]
2026-03-31 19:08:19,402   Iter  13: LP obj =   52.154  new cols =   6  total cols = 96  [lp=0.02s  pricing=4.53s (local min=0.06s avg=1.15s max=2.26s)  iter=4.55s]
2026-03-31 19:08:21,263   Iter  13: LP obj =   52.154  new cols =   6  total cols = 96  [lp=0.02s  pricing=4.52s (local min=0.06s avg=1.15s max=2.28s)  iter=4.54s]
2026-03-31 19:08:23,881   Iter  14: LP obj =   52.500  new cols =   6  total cols = 102  [lp=0.02s  pricing=4.52s (local min=0.06s avg=1.13s max=2.23s)  iter=4.54s]
2026-03-31 19:08:23,915   Iter  14: LP obj =   52.500  new cols =   6  total cols = 102  [lp=0.02s  pricing=4.53s (local min=0.06s avg=1.14s max=2.23s)  iter=4.55s]
2026-03-31 19:08:23,953   Iter  14: LP obj =   52.500  new cols =   6  total cols = 102  [lp=0.02s  pricing=4.53s (local min=0.06s avg=1.14s max=2.24s)  iter=4.55s]
2026-03-31 19:08:25,902   Iter  14: LP obj =   52.500  new cols =   6  total cols = 102  [lp=0.02s  pricing=4.62s (local min=0.06s avg=1.17s max=2.32s)  iter=4.64s]
2026-03-31 19:08:28,547   Iter  15: LP obj =   53.000  new cols =   6  total cols = 108  [lp=0.02s  pricing=4.64s (local min=0.06s avg=1.18s max=2.35s)  iter=4.67s]
2026-03-31 19:08:28,590   Iter  15: LP obj =   53.000  new cols =   6  total cols = 108  [lp=0.02s  pricing=4.65s (local min=0.06s avg=1.18s max=2.35s)  iter=4.67s]
2026-03-31 19:08:28,698   Iter  15: LP obj =   53.000  new cols =   6  total cols = 108  [lp=0.02s  pricing=4.72s (local min=0.06s avg=1.20s max=2.42s)  iter=4.75s]
2026-03-31 19:08:30,738   Iter  15: LP obj =   53.000  new cols =   6  total cols = 108  [lp=0.02s  pricing=4.81s (local min=0.06s avg=1.21s max=2.38s)  iter=4.84s]
2026-03-31 19:08:33,374   Iter  16: LP obj =   53.000  new cols =   6  total cols = 114  [lp=0.02s  pricing=4.80s (local min=0.06s avg=1.22s max=2.43s)  iter=4.83s]
2026-03-31 19:08:33,470   Iter  16: LP obj =   53.000  new cols =   6  total cols = 114  [lp=0.02s  pricing=4.86s (local min=0.06s avg=1.23s max=2.44s)  iter=4.88s]
2026-03-31 19:08:33,530   Iter  16: LP obj =   53.000  new cols =   6  total cols = 114  [lp=0.02s  pricing=4.81s (local min=0.06s avg=1.22s max=2.43s)  iter=4.83s]
2026-03-31 19:08:35,680   Iter  16: LP obj =   53.000  new cols =   6  total cols = 114  [lp=0.02s  pricing=4.92s (local min=0.06s avg=1.25s max=2.49s)  iter=4.94s]
2026-03-31 19:08:38,062   Iter  17: LP obj =   53.000  new cols =   6  total cols = 120  [lp=0.03s  pricing=4.66s (local min=0.06s avg=1.18s max=2.33s)  iter=4.69s]
2026-03-31 19:08:38,147   Iter  17: LP obj =   53.000  new cols =   6  total cols = 120  [lp=0.02s  pricing=4.65s (local min=0.06s avg=1.17s max=2.29s)  iter=4.68s]
2026-03-31 19:08:38,162   Iter  17: LP obj =   53.000  new cols =   6  total cols = 120  [lp=0.03s  pricing=4.61s (local min=0.06s avg=1.17s max=2.33s)  iter=4.63s]
2026-03-31 19:08:40,413   Iter  17: LP obj =   53.000  new cols =   6  total cols = 120  [lp=0.02s  pricing=4.71s (local min=0.06s avg=1.19s max=2.37s)  iter=4.73s]
2026-03-31 19:08:42,716   Iter  18: LP obj =   53.059  new cols =   6  total cols = 126  [lp=0.02s  pricing=4.63s (local min=0.06s avg=1.16s max=2.29s)  iter=4.65s]
2026-03-31 19:08:42,803   Iter  18: LP obj =   53.059  new cols =   6  total cols = 126  [lp=0.02s  pricing=4.63s (local min=0.06s avg=1.16s max=2.29s)  iter=4.66s]
2026-03-31 19:08:42,843   Iter  18: LP obj =   53.059  new cols =   6  total cols = 126  [lp=0.02s  pricing=4.66s (local min=0.06s avg=1.18s max=2.32s)  iter=4.68s]
2026-03-31 19:08:45,183   Iter  18: LP obj =   53.059  new cols =   6  total cols = 126  [lp=0.02s  pricing=4.75s (local min=0.07s avg=1.20s max=2.36s)  iter=4.77s]
2026-03-31 19:08:47,174   Iter  19: LP obj =   53.286  new cols =   6  total cols = 132  [lp=0.03s  pricing=4.43s (local min=0.06s avg=1.12s max=2.21s)  iter=4.46s]
2026-03-31 19:08:47,206   Iter  19: LP obj =   53.286  new cols =   6  total cols = 132  [lp=0.03s  pricing=4.38s (local min=0.06s avg=1.10s max=2.15s)  iter=4.40s]
2026-03-31 19:08:47,316   Iter  19: LP obj =   53.286  new cols =   6  total cols = 132  [lp=0.03s  pricing=4.45s (local min=0.07s avg=1.13s max=2.22s)  iter=4.47s]
2026-03-31 19:08:49,677   Iter  19: LP obj =   53.286  new cols =   6  total cols = 132  [lp=0.03s  pricing=4.47s (local min=0.07s avg=1.13s max=2.22s)  iter=4.49s]
2026-03-31 19:08:52,584   Iter  20: LP obj =   54.000  new cols =   0  total cols = 132  [lp=0.03s  pricing=5.38s (local min=0.06s avg=1.35s max=2.68s)  iter=5.41s]
2026-03-31 19:08:52,584   LP optimal reached at iteration 20.
2026-03-31 19:08:52,593   Phase 1 total: 104.880s
2026-03-31 19:08:52,593 ── Phase 2: Integer master (Set Partitioning)  —  132 columns ──
2026-03-31 19:08:52,613   GB cuts: 2046 pairwise cuts added  [detection=0.011s]
2026-03-31 19:08:52,616   Iter  20: LP obj =   54.000  new cols =   0  total cols = 132  [lp=0.03s  pricing=5.38s (local min=0.06s avg=1.37s max=2.71s)  iter=5.41s]
2026-03-31 19:08:52,617   LP optimal reached at iteration 20.
2026-03-31 19:08:52,626   Phase 1 total: 104.915s
2026-03-31 19:08:52,626 ── Phase 2: Integer master (Set Partitioning)  —  132 columns ──
2026-03-31 19:08:52,646   GB cuts: 2046 pairwise cuts added  [detection=0.011s]
2026-03-31 19:08:52,749   Iter  20: LP obj =   54.000  new cols =   0  total cols = 132  [lp=0.03s  pricing=5.41s (local min=0.06s avg=1.36s max=2.68s)  iter=5.43s]
2026-03-31 19:08:52,749   LP optimal reached at iteration 20.
2026-03-31 19:08:52,758   Phase 1 total: 105.102s
2026-03-31 19:08:52,758 ── Phase 2: Integer master (Set Partitioning)  —  132 columns ──
2026-03-31 19:08:52,779   GB cuts: 2046 pairwise cuts added  [detection=0.012s]
2026-03-31 19:08:54,285   VUE   0 (UE1 embb ):  14 PRBs  slots=[(16, 12, 0, 14)]
2026-03-31 19:08:54,285   VUE   1 (UE1 urllc):   4 PRBs  slots=[(0, 1, 1, 4)]
2026-03-31 19:08:54,285   VUE   2 (UE2 embb ):  14 PRBs  slots=[(8, 13, 0, 14)]
2026-03-31 19:08:54,285   VUE   3 (UE2 urllc):   4 PRBs  slots=[(2, 10, 2, 4)]
2026-03-31 19:08:54,285   VUE   4 (UE3 embb ):  14 PRBs  slots=[(4, 0, 1, 13), (18, 1, 2, 1)]
2026-03-31 19:08:54,285   VUE   5 (UE3 urllc):   4 PRBs  slots=[(0, 10, 2, 4)]
2026-03-31 19:08:54,285   Phase 2 total: 1.692s  [master_build=0.020s  master_solve=1.672s]
2026-03-31 19:08:54,286 ── Phase 3: Gap-fill expansion (max 20 iters) ──────────
2026-03-31 19:08:54,308   VUE   0 (UE1 embb ):  14 PRBs  slots=[(16, 12, 0, 14)]
2026-03-31 19:08:54,308   VUE   1 (UE1 urllc):   4 PRBs  slots=[(0, 1, 1, 4)]
2026-03-31 19:08:54,308   VUE   2 (UE2 embb ):  14 PRBs  slots=[(8, 13, 0, 14)]
2026-03-31 19:08:54,308   VUE   3 (UE2 urllc):   4 PRBs  slots=[(2, 10, 2, 4)]
2026-03-31 19:08:54,308   VUE   4 (UE3 embb ):  14 PRBs  slots=[(4, 0, 1, 13), (18, 1, 2, 1)]
2026-03-31 19:08:54,308   VUE   5 (UE3 urllc):   4 PRBs  slots=[(0, 10, 2, 4)]
2026-03-31 19:08:54,308   Phase 2 total: 1.682s  [master_build=0.020s  master_solve=1.662s]
2026-03-31 19:08:54,309 ── Phase 3: Gap-fill expansion (max 20 iters) ──────────
2026-03-31 19:08:54,429   VUE   0 (UE1 embb ):  14 PRBs  slots=[(16, 12, 0, 14)]
2026-03-31 19:08:54,429   VUE   1 (UE1 urllc):   4 PRBs  slots=[(0, 1, 1, 4)]
2026-03-31 19:08:54,429   VUE   2 (UE2 embb ):  14 PRBs  slots=[(8, 13, 0, 14)]
2026-03-31 19:08:54,429   VUE   3 (UE2 urllc):   4 PRBs  slots=[(2, 10, 2, 4)]
2026-03-31 19:08:54,429   VUE   4 (UE3 embb ):  14 PRBs  slots=[(4, 0, 1, 13), (18, 1, 2, 1)]
2026-03-31 19:08:54,429   VUE   5 (UE3 urllc):   4 PRBs  slots=[(0, 10, 2, 4)]
2026-03-31 19:08:54,429   Phase 2 total: 1.671s  [master_build=0.020s  master_solve=1.650s]
2026-03-31 19:08:54,430 ── Phase 3: Gap-fill expansion (max 20 iters) ──────────
2026-03-31 19:08:55,211   Iter  20: LP obj =   54.000  new cols =   0  total cols = 132  [lp=0.03s  pricing=5.51s (local min=0.06s avg=1.40s max=2.77s)  iter=5.53s]
2026-03-31 19:08:55,212   LP optimal reached at iteration 20.
2026-03-31 19:08:55,221   Phase 1 total: 106.486s
2026-03-31 19:08:55,221 ── Phase 2: Integer master (Set Partitioning)  —  132 columns ──
2026-03-31 19:08:55,241   GB cuts: 2046 pairwise cuts added  [detection=0.011s]
2026-03-31 19:08:56,150   Iter  0  VUE   0 (UE1 embb ): 14 → 36 PRBs  |free_asns|=2444  banned=31800  [occ=0.000s  build+ban=0.722s  solve=1.100s]
2026-03-31 19:08:56,166   Iter  0  VUE   0 (UE1 embb ): 14 → 36 PRBs  |free_asns|=2444  banned=31800  [occ=0.000s  build+ban=0.722s  solve=1.094s]
2026-03-31 19:08:56,298   Iter  0  VUE   0 (UE1 embb ): 14 → 36 PRBs  |free_asns|=2444  banned=31800  [occ=0.000s  build+ban=0.733s  solve=1.093s]
2026-03-31 19:08:56,994   VUE   0 (UE1 embb ):  14 PRBs  slots=[(16, 12, 0, 14)]
2026-03-31 19:08:56,994   VUE   1 (UE1 urllc):   4 PRBs  slots=[(0, 1, 1, 4)]
2026-03-31 19:08:56,994   VUE   2 (UE2 embb ):  14 PRBs  slots=[(8, 13, 0, 14)]
2026-03-31 19:08:56,994   VUE   3 (UE2 urllc):   4 PRBs  slots=[(2, 10, 2, 4)]
2026-03-31 19:08:56,994   VUE   4 (UE3 embb ):  14 PRBs  slots=[(4, 0, 1, 13), (18, 1, 2, 1)]
2026-03-31 19:08:56,994   VUE   5 (UE3 urllc):   4 PRBs  slots=[(0, 10, 2, 4)]
2026-03-31 19:08:56,994   Phase 2 total: 1.773s  [master_build=0.020s  master_solve=1.753s]
2026-03-31 19:08:56,995 ── Phase 3: Gap-fill expansion (max 20 iters) ──────────
2026-03-31 19:08:57,870   Iter  0  VUE   2 (UE2 embb ): 14 → 15 PRBs  |free_asns|=492  banned=37656  [occ=0.000s  build+ban=0.732s  solve=0.873s]
2026-03-31 19:08:57,879   Iter  0  VUE   2 (UE2 embb ): 14 → 15 PRBs  |free_asns|=492  banned=37656  [occ=0.000s  build+ban=0.739s  solve=0.890s]
2026-03-31 19:08:58,020   Iter  0  VUE   2 (UE2 embb ): 14 → 15 PRBs  |free_asns|=492  banned=37656  [occ=0.000s  build+ban=0.745s  solve=0.877s]
2026-03-31 19:08:58,936   Iter  0  VUE   0 (UE1 embb ): 14 → 36 PRBs  |free_asns|=2444  banned=31800  [occ=0.000s  build+ban=0.742s  solve=1.158s]
2026-03-31 19:08:59,690   Iter  0: total PRBs = 77  [iter=5.381s  improved=[0, 2]]
2026-03-31 19:08:59,700   Iter  0: total PRBs = 77  [iter=5.414s  improved=[0, 2]]
2026-03-31 19:08:59,842   Iter  0: total PRBs = 77  [iter=5.412s  improved=[0, 2]]
2026-03-31 19:09:00,740   Iter  0  VUE   2 (UE2 embb ): 14 → 15 PRBs  |free_asns|=492  banned=37656  [occ=0.000s  build+ban=0.760s  solve=0.941s]
2026-03-31 19:09:02,630   Iter  0: total PRBs = 77  [iter=5.635s  improved=[0, 2]]
2026-03-31 19:09:04,946   Iter  1: no improvement — converged.  Total PRBs = 77  [iter=5.256s]
2026-03-31 19:09:04,947   Phase 3 total: 10.638s
2026-03-31 19:09:04,947 Final objective (after gap-fill): 77 PRBs
Solution written to: approx_sol/cfg-bw-5.0M-time-ms-3.0-mcs-26-K-3-ue-3-embb-thr-4.0-embb-lat-3.0-urllc-thr-1.0-urllc-lat-0.5.txt
Total solve time: 123.05 seconds
2026-03-31 19:09:04,972   Iter  1: no improvement — converged.  Total PRBs = 77  [iter=5.271s]
2026-03-31 19:09:04,972   Phase 3 total: 10.686s
2026-03-31 19:09:04,973 Final objective (after gap-fill): 77 PRBs
Solution written to: approx_sol/cfg-bw-5.0M-time-ms-3.0-mcs-26-K-3-ue-3-embb-thr-4.0-embb-lat-3.0-urllc-thr-1.0-urllc-lat-0.5.txt
Total solve time: 123.05 seconds
2026-03-31 19:09:05,106   Iter  1: no improvement — converged.  Total PRBs = 77  [iter=5.265s]
2026-03-31 19:09:05,106   Phase 3 total: 10.676s
2026-03-31 19:09:05,107 Final objective (after gap-fill): 77 PRBs
Solution written to: approx_sol/cfg-bw-5.0M-time-ms-3.0-mcs-26-K-3-ue-3-embb-thr-4.0-embb-lat-3.0-urllc-thr-1.0-urllc-lat-0.5.txt
Total solve time: 123.21 seconds
2026-03-31 19:09:08,150   Iter  1: no improvement — converged.  Total PRBs = 77  [iter=5.520s]
2026-03-31 19:09:08,150   Phase 3 total: 11.155s
2026-03-31 19:09:08,151 Final objective (after gap-fill): 77 PRBs
Solution written to: approx_sol/cfg-bw-5.0M-time-ms-3.0-mcs-26-K-3-ue-3-embb-thr-4.0-embb-lat-3.0-urllc-thr-1.0-urllc-lat-0.5.txt
Total solve time: 126.28 seconds
============================================================
  End time : Tue Mar 31 19:09:08 UTC 2026
  Exit code: 0
============================================================
